<?xml version="1.0" encoding="UTF-8"?>
<testng-results ignored="0" total="3" passed="3" failed="0" skipped="0">
  <reporter-output>
  </reporter-output>
  <suite started-at="2023-02-12T13:54:07 IST" name="Default suite" finished-at="2023-02-12T13:54:10 IST" duration-ms="3114">
    <groups>
    </groups>
    <test started-at="2023-02-12T13:54:07 IST" name="Default test" finished-at="2023-02-12T13:54:10 IST" duration-ms="3114">
      <class name="DynamicJson">
        <test-method signature="addBook(java.lang.String,java.lang.String)[pri:0, instance:DynamicJson@49c7b90e]" started-at="2023-02-12T13:54:07 IST" name="addBook" data-provider="bookDetails" finished-at="2023-02-12T13:54:10 IST" duration-ms="2573" status="PASS">
          <params>
            <param index="0">
              <value>
                <![CDATA[feddf]]>
              </value>
            </param>
            <param index="1">
              <value>
                <![CDATA[5534]]>
              </value>
            </param>
          </params>
          <reporter-output>
          </reporter-output>
        </test-method> <!-- addBook -->
        <test-method signature="addBook(java.lang.String,java.lang.String)[pri:0, instance:DynamicJson@49c7b90e]" started-at="2023-02-12T13:54:10 IST" name="addBook" data-provider="bookDetails" finished-at="2023-02-12T13:54:10 IST" duration-ms="241" status="PASS">
          <params>
            <param index="0">
              <value>
                <![CDATA[erewc]]>
              </value>
            </param>
            <param index="1">
              <value>
                <![CDATA[4553]]>
              </value>
            </param>
          </params>
          <reporter-output>
          </reporter-output>
        </test-method> <!-- addBook -->
        <test-method signature="addBook(java.lang.String,java.lang.String)[pri:0, instance:DynamicJson@49c7b90e]" started-at="2023-02-12T13:54:10 IST" name="addBook" data-provider="bookDetails" finished-at="2023-02-12T13:54:10 IST" duration-ms="231" status="PASS">
          <params>
            <param index="0">
              <value>
                <![CDATA[cxvdd]]>
              </value>
            </param>
            <param index="1">
              <value>
                <![CDATA[7876]]>
              </value>
            </param>
          </params>
          <reporter-output>
          </reporter-output>
        </test-method> <!-- addBook -->
      </class> <!-- DynamicJson -->
    </test> <!-- Default test -->
  </suite> <!-- Default suite -->
</testng-results>
